Determining if the pthread_create exist failed with the following output:
Change Dir: /tmp/tmp.lyGEJxOS9y/cmake-build-debug/CMakeFiles/CMakeTmp

Run Build Command:"/usr/bin/make" "cmTC_312ee/fast"
/usr/bin/make -f CMakeFiles/cmTC_312ee.dir/build.make CMakeFiles/cmTC_312ee.dir/build
make[1]: Entering directory '/tmp/tmp.lyGEJxOS9y/cmake-build-debug/CMakeFiles/CMakeTmp'
Building C object CMakeFiles/cmTC_312ee.dir/CheckSymbolExists.c.o
/usr/bin/cc    -o CMakeFiles/cmTC_312ee.dir/CheckSymbolExists.c.o   -c /tmp/tmp.lyGEJxOS9y/cmake-build-debug/CMakeFiles/CMakeTmp/CheckSymbolExists.c
Linking C executable cmTC_312ee
/usr/bin/cmake -E cmake_link_script CMakeFiles/cmTC_312ee.dir/link.txt --verbose=1
/usr/bin/cc      CMakeFiles/cmTC_312ee.dir/CheckSymbolExists.c.o  -o cmTC_312ee 
CMakeFiles/cmTC_312ee.dir/CheckSymbolExists.c.o: In function `main':
CheckSymbolExists.c:(.text+0x1b): undefined reference to `pthread_create'
collect2: error: ld returned 1 exit status
CMakeFiles/cmTC_312ee.dir/build.make:97: recipe for target 'cmTC_312ee' failed
make[1]: *** [cmTC_312ee] Error 1
make[1]: Leaving directory '/tmp/tmp.lyGEJxOS9y/cmake-build-debug/CMakeFiles/CMakeTmp'
Makefile:126: recipe for target 'cmTC_312ee/fast' failed
make: *** [cmTC_312ee/fast] Error 2

File /tmp/tmp.lyGEJxOS9y/cmake-build-debug/CMakeFiles/CMakeTmp/CheckSymbolExists.c:
/* */
#include <pthread.h>

int main(int argc, char** argv)
{
  (void)argv;
#ifndef pthread_create
  return ((int*)(&pthread_create))[argc];
#else
  (void)argc;
  return 0;
#endif
}

Determining if the function pthread_create exists in the pthreads failed with the following output:
Change Dir: /tmp/tmp.lyGEJxOS9y/cmake-build-debug/CMakeFiles/CMakeTmp

Run Build Command:"/usr/bin/make" "cmTC_cc69c/fast"
/usr/bin/make -f CMakeFiles/cmTC_cc69c.dir/build.make CMakeFiles/cmTC_cc69c.dir/build
make[1]: Entering directory '/tmp/tmp.lyGEJxOS9y/cmake-build-debug/CMakeFiles/CMakeTmp'
Building C object CMakeFiles/cmTC_cc69c.dir/CheckFunctionExists.c.o
/usr/bin/cc   -DCHECK_FUNCTION_EXISTS=pthread_create   -o CMakeFiles/cmTC_cc69c.dir/CheckFunctionExists.c.o   -c /usr/share/cmake-3.10/Modules/CheckFunctionExists.c
Linking C executable cmTC_cc69c
/usr/bin/cmake -E cmake_link_script CMakeFiles/cmTC_cc69c.dir/link.txt --verbose=1
/usr/bin/cc  -DCHECK_FUNCTION_EXISTS=pthread_create    CMakeFiles/cmTC_cc69c.dir/CheckFunctionExists.c.o  -o cmTC_cc69c -lpthreads 
/usr/bin/ld: cannot find -lpthreads
collect2: error: ld returned 1 exit status
CMakeFiles/cmTC_cc69c.dir/build.make:97: recipe for target 'cmTC_cc69c' failed
make[1]: *** [cmTC_cc69c] Error 1
make[1]: Leaving directory '/tmp/tmp.lyGEJxOS9y/cmake-build-debug/CMakeFiles/CMakeTmp'
Makefile:126: recipe for target 'cmTC_cc69c/fast' failed
make: *** [cmTC_cc69c/fast] Error 2


